08:43:22.010 [main] DEBUG org.apache.poi.hssf.model.InternalSheet - sheet createSheet (existing file) exited
08:43:22.019 [main] DEBUG org.apache.poi.hssf.usermodel.HSSFSheet - Time at start of cell creating in HSSF sheet = 1715960602019
08:43:22.019 [main] DEBUG org.apache.poi.hssf.usermodel.HSSFSheet - total sheet cell creation took 0ms
08:43:22.019 [main] DEBUG org.apache.poi.hssf.model.InternalSheet - sheet createSheet (existing file) exited
08:43:22.019 [main] DEBUG org.apache.poi.hssf.usermodel.HSSFSheet - Time at start of cell creating in HSSF sheet = 1715960602019
08:43:22.019 [main] DEBUG org.apache.poi.hssf.usermodel.HSSFSheet - total sheet cell creation took 0ms
08:43:36.671 [main] INFO  factory.BaseClass - Go to MyAccount .......
08:43:38.475 [main] DEBUG org.apache.poi.hssf.model.InternalWorkbook - Workbook (readfile) created with reclen=178
08:43:38.476 [main] DEBUG org.apache.poi.hssf.model.InternalWorkbook - exit create workbook from existing file function
08:43:38.476 [main] DEBUG org.apache.poi.hssf.usermodel.HSSFWorkbook - convertLabelRecords called
08:43:38.476 [main] DEBUG org.apache.poi.hssf.usermodel.HSSFWorkbook - convertLabelRecords exit
08:43:38.477 [main] DEBUG org.apache.poi.hssf.model.InternalSheet - sheet createSheet (existing file) exited
08:43:38.477 [main] DEBUG org.apache.poi.hssf.usermodel.HSSFSheet - Time at start of cell creating in HSSF sheet = 1715960618477
08:43:38.478 [main] DEBUG org.apache.poi.hssf.usermodel.HSSFSheet - total sheet cell creation took 1ms
08:43:38.478 [main] DEBUG org.apache.poi.hssf.model.InternalSheet - sheet createSheet (existing file) exited
08:43:38.478 [main] DEBUG org.apache.poi.hssf.usermodel.HSSFSheet - Time at start of cell creating in HSSF sheet = 1715960618478
08:43:38.478 [main] DEBUG org.apache.poi.hssf.usermodel.HSSFSheet - total sheet cell creation took 0ms
08:43:38.478 [main] DEBUG org.apache.poi.hssf.model.InternalSheet - sheet createSheet (existing file) exited
08:43:38.478 [main] DEBUG org.apache.poi.hssf.usermodel.HSSFSheet - Time at start of cell creating in HSSF sheet = 1715960618478
08:43:38.478 [main] DEBUG org.apache.poi.hssf.usermodel.HSSFSheet - total sheet cell creation took 0ms
08:43:41.978 [main] INFO  factory.BaseClass - Go to MyAccount .......
08:43:43.346 [main] DEBUG org.apache.poi.hssf.model.InternalWorkbook - Workbook (readfile) created with reclen=178
08:43:43.347 [main] DEBUG org.apache.poi.hssf.model.InternalWorkbook - exit create workbook from existing file function
08:43:43.347 [main] DEBUG org.apache.poi.hssf.usermodel.HSSFWorkbook - convertLabelRecords called
08:43:43.348 [main] DEBUG org.apache.poi.hssf.usermodel.HSSFWorkbook - convertLabelRecords exit
08:43:43.348 [main] DEBUG org.apache.poi.hssf.model.InternalSheet - sheet createSheet (existing file) exited
08:43:43.348 [main] DEBUG org.apache.poi.hssf.usermodel.HSSFSheet - Time at start of cell creating in HSSF sheet = 1715960623348
08:43:43.348 [main] DEBUG org.apache.poi.hssf.usermodel.HSSFSheet - total sheet cell creation took 0ms
08:43:43.348 [main] DEBUG org.apache.poi.hssf.model.InternalSheet - sheet createSheet (existing file) exited
08:43:43.349 [main] DEBUG org.apache.poi.hssf.usermodel.HSSFSheet - Time at start of cell creating in HSSF sheet = 1715960623349
08:43:43.349 [main] DEBUG org.apache.poi.hssf.usermodel.HSSFSheet - total sheet cell creation took 0ms
08:43:43.349 [main] DEBUG org.apache.poi.hssf.model.InternalSheet - sheet createSheet (existing file) exited
08:43:43.349 [main] DEBUG org.apache.poi.hssf.usermodel.HSSFSheet - Time at start of cell creating in HSSF sheet = 1715960623349
08:43:43.350 [main] DEBUG org.apache.poi.hssf.usermodel.HSSFSheet - total sheet cell creation took 1ms
08:47:38.957 [main] INFO  factory.BaseClass - Go to MyAccount .......
08:47:39.839 [main] DEBUG org.apache.poi.hssf.model.InternalWorkbook - Workbook (readfile) created with reclen=178
08:47:39.840 [main] DEBUG org.apache.poi.hssf.model.InternalWorkbook - exit create workbook from existing file function
08:47:39.841 [main] DEBUG org.apache.poi.hssf.usermodel.HSSFWorkbook - convertLabelRecords called
08:47:39.841 [main] DEBUG org.apache.poi.hssf.usermodel.HSSFWorkbook - convertLabelRecords exit
08:47:39.852 [main] DEBUG org.apache.poi.hssf.model.InternalSheet - sheet createSheet (existing file) exited
08:47:39.865 [main] DEBUG org.apache.poi.hssf.usermodel.HSSFSheet - Time at start of cell creating in HSSF sheet = 1715960859864
08:47:39.871 [main] DEBUG org.apache.poi.hssf.usermodel.HSSFSheet - total sheet cell creation took 7ms
08:47:39.872 [main] DEBUG org.apache.poi.hssf.model.InternalSheet - sheet createSheet (existing file) exited
08:47:39.872 [main] DEBUG org.apache.poi.hssf.usermodel.HSSFSheet - Time at start of cell creating in HSSF sheet = 1715960859872
08:47:39.872 [main] DEBUG org.apache.poi.hssf.usermodel.HSSFSheet - total sheet cell creation took 0ms
08:47:39.872 [main] DEBUG org.apache.poi.hssf.model.InternalSheet - sheet createSheet (existing file) exited
