08:47:39.872 [main] DEBUG org.apache.poi.hssf.usermodel.HSSFSheet - Time at start of cell creating in HSSF sheet = 1715960859872
08:47:39.877 [main] DEBUG org.apache.poi.hssf.usermodel.HSSFSheet - total sheet cell creation took 5ms
08:47:42.075 [main] INFO  factory.BaseClass - Go to MyAccount .......
08:47:43.024 [main] DEBUG org.apache.poi.hssf.model.InternalWorkbook - Workbook (readfile) created with reclen=178
08:47:43.025 [main] DEBUG org.apache.poi.hssf.model.InternalWorkbook - exit create workbook from existing file function
08:47:43.025 [main] DEBUG org.apache.poi.hssf.usermodel.HSSFWorkbook - convertLabelRecords called
08:47:43.025 [main] DEBUG org.apache.poi.hssf.usermodel.HSSFWorkbook - convertLabelRecords exit
08:47:43.025 [main] DEBUG org.apache.poi.hssf.model.InternalSheet - sheet createSheet (existing file) exited
08:47:43.026 [main] DEBUG org.apache.poi.hssf.usermodel.HSSFSheet - Time at start of cell creating in HSSF sheet = 1715960863026
08:47:43.026 [main] DEBUG org.apache.poi.hssf.usermodel.HSSFSheet - total sheet cell creation took 0ms
08:47:43.026 [main] DEBUG org.apache.poi.hssf.model.InternalSheet - sheet createSheet (existing file) exited
08:47:43.026 [main] DEBUG org.apache.poi.hssf.usermodel.HSSFSheet - Time at start of cell creating in HSSF sheet = 1715960863026
08:47:43.026 [main] DEBUG org.apache.poi.hssf.usermodel.HSSFSheet - total sheet cell creation took 0ms
08:47:43.026 [main] DEBUG org.apache.poi.hssf.model.InternalSheet - sheet createSheet (existing file) exited
08:47:43.026 [main] DEBUG org.apache.poi.hssf.usermodel.HSSFSheet - Time at start of cell creating in HSSF sheet = 1715960863026
08:47:43.026 [main] DEBUG org.apache.poi.hssf.usermodel.HSSFSheet - total sheet cell creation took 0ms
10:15:15.163 [main] INFO  factory.BaseClass - Go to MyAccount .......
10:16:40.413 [main] INFO  factory.BaseClass - Go to MyAccount .......
10:17:45.437 [main] INFO  factory.BaseClass - Go to MyAccount .......
10:19:15.135 [main] INFO  factory.BaseClass - Go to MyAccount .......
10:19:15.693 [main] INFO  factory.BaseClass - Entering Email and password .......
10:19:16.416 [main] INFO  factory.BaseClass - clicked on login button
10:28:57.663 [main] INFO  factory.BaseClass - Go to MyAccount .......
10:28:58.221 [main] INFO  factory.BaseClass - Entering Email and password .......
10:28:58.872 [main] INFO  factory.BaseClass - clicked on login button
10:42:40.229 [main] INFO  factory.BaseClass - Go to MyAccount .......
10:42:40.769 [main] INFO  factory.BaseClass - Entering Email and password .......
10:42:41.426 [main] INFO  factory.BaseClass - clicked on login button
10:44:12.253 [main] INFO  factory.BaseClass - Go to MyAccount .......
10:44:12.782 [main] INFO  factory.BaseClass - Entering Email and password .......
10:44:13.471 [main] INFO  factory.BaseClass - clicked on login button
