16:20:30.631 [main] DEBUG org.apache.poi.hssf.usermodel.HSSFSheet - Time at start of cell creating in HSSF sheet = 1715901630631
16:20:30.640 [main] DEBUG org.apache.poi.hssf.usermodel.HSSFSheet - total sheet cell creation took 9ms
16:28:35.284 [main] INFO  factory.BaseClass - Go to MyAccount .......
16:28:36.459 [main] DEBUG org.apache.poi.hssf.model.InternalWorkbook - Workbook (readfile) created with reclen=179
16:28:36.460 [main] DEBUG org.apache.poi.hssf.model.InternalWorkbook - exit create workbook from existing file function
16:28:36.460 [main] DEBUG org.apache.poi.hssf.usermodel.HSSFWorkbook - convertLabelRecords called
16:28:36.461 [main] DEBUG org.apache.poi.hssf.usermodel.HSSFWorkbook - convertLabelRecords exit
16:28:36.483 [main] DEBUG org.apache.poi.hssf.model.InternalSheet - sheet createSheet (existing file) exited
16:28:36.499 [main] DEBUG org.apache.poi.hssf.usermodel.HSSFSheet - Time at start of cell creating in HSSF sheet = 1715902116499
16:28:36.507 [main] DEBUG org.apache.poi.hssf.usermodel.HSSFSheet - total sheet cell creation took 8ms
16:28:36.507 [main] DEBUG org.apache.poi.hssf.model.InternalSheet - sheet createSheet (existing file) exited
16:28:36.508 [main] DEBUG org.apache.poi.hssf.usermodel.HSSFSheet - Time at start of cell creating in HSSF sheet = 1715902116508
16:28:36.508 [main] DEBUG org.apache.poi.hssf.usermodel.HSSFSheet - total sheet cell creation took 0ms
16:28:36.508 [main] DEBUG org.apache.poi.hssf.model.InternalSheet - sheet createSheet (existing file) exited
16:28:36.508 [main] DEBUG org.apache.poi.hssf.usermodel.HSSFSheet - Time at start of cell creating in HSSF sheet = 1715902116508
16:28:36.508 [main] DEBUG org.apache.poi.hssf.usermodel.HSSFSheet - total sheet cell creation took 0ms
16:28:39.308 [main] INFO  factory.BaseClass - Go to MyAccount .......
16:28:40.052 [main] DEBUG org.apache.poi.hssf.model.InternalWorkbook - Workbook (readfile) created with reclen=179
16:28:40.053 [main] DEBUG org.apache.poi.hssf.model.InternalWorkbook - exit create workbook from existing file function
16:28:40.053 [main] DEBUG org.apache.poi.hssf.usermodel.HSSFWorkbook - convertLabelRecords called
16:28:40.054 [main] DEBUG org.apache.poi.hssf.usermodel.HSSFWorkbook - convertLabelRecords exit
16:28:40.054 [main] DEBUG org.apache.poi.hssf.model.InternalSheet - sheet createSheet (existing file) exited
16:28:40.054 [main] DEBUG org.apache.poi.hssf.usermodel.HSSFSheet - Time at start of cell creating in HSSF sheet = 1715902120054
16:28:40.055 [main] DEBUG org.apache.poi.hssf.usermodel.HSSFSheet - total sheet cell creation took 1ms
16:28:40.055 [main] DEBUG org.apache.poi.hssf.model.InternalSheet - sheet createSheet (existing file) exited
16:28:40.055 [main] DEBUG org.apache.poi.hssf.usermodel.HSSFSheet - Time at start of cell creating in HSSF sheet = 1715902120055
16:28:40.056 [main] DEBUG org.apache.poi.hssf.usermodel.HSSFSheet - total sheet cell creation took 1ms
16:28:40.056 [main] DEBUG org.apache.poi.hssf.model.InternalSheet - sheet createSheet (existing file) exited
16:28:40.056 [main] DEBUG org.apache.poi.hssf.usermodel.HSSFSheet - Time at start of cell creating in HSSF sheet = 1715902120056
16:28:40.056 [main] DEBUG org.apache.poi.hssf.usermodel.HSSFSheet - total sheet cell creation took 0ms
16:28:42.871 [main] INFO  factory.BaseClass - Go to MyAccount .......
16:28:43.604 [main] DEBUG org.apache.poi.hssf.model.InternalWorkbook - Workbook (readfile) created with reclen=179
16:28:43.605 [main] DEBUG org.apache.poi.hssf.model.InternalWorkbook - exit create workbook from existing file function
16:28:43.605 [main] DEBUG org.apache.poi.hssf.usermodel.HSSFWorkbook - convertLabelRecords called
16:28:43.605 [main] DEBUG org.apache.poi.hssf.usermodel.HSSFWorkbook - convertLabelRecords exit
16:28:43.606 [main] DEBUG org.apache.poi.hssf.model.InternalSheet - sheet createSheet (existing file) exited
16:28:43.606 [main] DEBUG org.apache.poi.hssf.usermodel.HSSFSheet - Time at start of cell creating in HSSF sheet = 1715902123606
16:28:43.606 [main] DEBUG org.apache.poi.hssf.usermodel.HSSFSheet - total sheet cell creation took 0ms
16:28:43.607 [main] DEBUG org.apache.poi.hssf.model.InternalSheet - sheet createSheet (existing file) exited
16:28:43.607 [main] DEBUG org.apache.poi.hssf.usermodel.HSSFSheet - Time at start of cell creating in HSSF sheet = 1715902123607
16:28:43.607 [main] DEBUG org.apache.poi.hssf.usermodel.HSSFSheet - total sheet cell creation took 0ms
16:28:43.607 [main] DEBUG org.apache.poi.hssf.model.InternalSheet - sheet createSheet (existing file) exited
16:28:43.607 [main] DEBUG org.apache.poi.hssf.usermodel.HSSFSheet - Time at start of cell creating in HSSF sheet = 1715902123607
16:28:43.607 [main] DEBUG org.apache.poi.hssf.usermodel.HSSFSheet - total sheet cell creation took 0ms
16:33:48.700 [main] INFO  factory.BaseClass - Go to MyAccount .......
16:33:49.923 [main] DEBUG org.apache.poi.hssf.model.InternalWorkbook - Workbook (readfile) created with reclen=180
